<?xml version="1.0" encoding="UTF-8"?>
<testsuites>
  <testsuite name="converter" tests="11" assertions="14" errors="0" failures="0" skipped="0" time="1.941948">
    <testsuite name="DocumentTest" file="/Volumes/G/paulmakarov/Documents/dev/pedi/tests/DocumentTest.php" tests="2" assertions="2" errors="0" failures="0" skipped="0" time="0.051077">
      <testcase name="testConstructor" class="DocumentTest" classname="DocumentTest" file="/Volumes/G/paulmakarov/Documents/dev/pedi/tests/DocumentTest.php" line="9" assertions="1" time="0.031429"/>
      <testcase name="testDocumentToSring" class="DocumentTest" classname="DocumentTest" file="/Volumes/G/paulmakarov/Documents/dev/pedi/tests/DocumentTest.php" line="16" assertions="1" time="0.019648"/>
    </testsuite>
    <testsuite name="ParserTest" file="/Volumes/G/paulmakarov/Documents/dev/pedi/tests/ParserTest.php" tests="5" assertions="7" errors="0" failures="0" skipped="0" time="0.044517">
      <testcase name="testParserFailsWithNoResource" class="ParserTest" classname="ParserTest" file="/Volumes/G/paulmakarov/Documents/dev/pedi/tests/ParserTest.php" line="12" assertions="1" time="0.006454"/>
      <testcase name="testParserFailsWithEmptyResource" class="ParserTest" classname="ParserTest" file="/Volumes/G/paulmakarov/Documents/dev/pedi/tests/ParserTest.php" line="22" assertions="1" time="0.003333"/>
      <testcase name="testParserRejectsEDIWithNoISA" class="ParserTest" classname="ParserTest" file="/Volumes/G/paulmakarov/Documents/dev/pedi/tests/ParserTest.php" line="32" assertions="1" time="0.012108"/>
      <testcase name="testParserReturnsArray" class="ParserTest" classname="ParserTest" file="/Volumes/G/paulmakarov/Documents/dev/pedi/tests/ParserTest.php" line="39" assertions="1" time="0.016119"/>
      <testcase name="testParserHandlesSubElementSeparator" class="ParserTest" classname="ParserTest" file="/Volumes/G/paulmakarov/Documents/dev/pedi/tests/ParserTest.php" line="46" assertions="3" time="0.006503"/>
    </testsuite>
    <testsuite name="PediTest" file="/Volumes/G/paulmakarov/Documents/dev/pedi/tests/PediTest.php" tests="4" assertions="5" errors="0" failures="0" skipped="0" time="1.846354">
      <testcase name="testPediLoadsAnEDIFile" class="PediTest" classname="PediTest" file="/Volumes/G/paulmakarov/Documents/dev/pedi/tests/PediTest.php" line="9" assertions="2" time="0.999310"/>
      <testcase name="testPediHandlesLoadingBadFile" class="PediTest" classname="PediTest" file="/Volumes/G/paulmakarov/Documents/dev/pedi/tests/PediTest.php" line="20" assertions="1" time="0.007363"/>
      <testcase name="testThrowsErrorOnNoFile" class="PediTest" classname="PediTest" file="/Volumes/G/paulmakarov/Documents/dev/pedi/tests/PediTest.php" line="30" assertions="1" time="0.007553"/>
      <testcase name="testItLoadsTheAppropriateX12Schema" class="PediTest" classname="PediTest" file="/Volumes/G/paulmakarov/Documents/dev/pedi/tests/PediTest.php" line="37" assertions="1" time="0.832128"/>
    </testsuite>
  </testsuite>
</testsuites>
